<?xml version="1.0" encoding="UTF-8"?>
<!-- Generated by org.testng.reporters.JUnitReportReporter -->
<testsuite skipped="0" hostname="WARDV250124-L87" name="paquete.TestCases" tests="1" failures="0" timestamp="08 Aug 2018 00:39:37 GMT" time="15.850" errors="0">
  <testcase name="VerificarEnlaceLinkedin" time="15.850" classname="paquete.TestCases"/>
</testsuite> <!-- paquete.TestCases -->
